<?xml version="1.0" encoding="UTF-8"?>
<testng-results skipped="0" failed="0" ignored="0" total="1" passed="1">
  <reporter-output>
  </reporter-output>
  <suite name="com.qa.test.LoginTest" duration-ms="56" started-at="2018-04-19T05:40:14Z" finished-at="2018-04-19T05:40:14Z">
    <groups>
    </groups>
    <test name="Command line test" duration-ms="56" started-at="2018-04-19T05:40:14Z" finished-at="2018-04-19T05:40:14Z">
      <class name="com.qa.test.LoginTest">
        <test-method status="PASS" signature="Test()[pri:0, instance:com.qa.test.LoginTest@6bf256fa]" name="Test" duration-ms="14" started-at="2018-04-18T22:40:14Z" finished-at="2018-04-18T22:40:14Z">
          <reporter-output>
          </reporter-output>
        </test-method> <!-- Test -->
      </class> <!-- com.qa.test.LoginTest -->
    </test> <!-- Command line test -->
  </suite> <!-- com.qa.test.LoginTest -->
</testng-results>
